F:\USERS\MONCKEY100\DESKTOP\GZF SOURCE\REALSOUND\RELEASE\REALSOUND.PCH
F:\USERS\MONCKEY100\DESKTOP\GZF SOURCE\REALSOUND\RELEASE\STDAFX.OBJ
F:\USERS\MONCKEY100\DESKTOP\GZF SOURCE\REALSOUND\RELEASE\VC110.PDB
F:\USERS\MONCKEY100\DESKTOP\GZF SOURCE\REALSOUND\RELEASE\REALSOUNDWAVEFILE.OBJ
F:\USERS\MONCKEY100\DESKTOP\GZF SOURCE\REALSOUND\RELEASE\REALSOUNDOGG.OBJ
F:\USERS\MONCKEY100\DESKTOP\GZF SOURCE\REALSOUND\RELEASE\REALSOUNDEFFECTPLAYER.OBJ
F:\USERS\MONCKEY100\DESKTOP\GZF SOURCE\REALSOUND\RELEASE\REALSOUNDEFFECT.OBJ
F:\USERS\MONCKEY100\DESKTOP\GZF SOURCE\REALSOUND\RELEASE\REALSOUNDBGM.OBJ
F:\USERS\MONCKEY100\DESKTOP\GZF SOURCE\REALSOUND\RELEASE\REALSOUND.OBJ
F:\USERS\MONCKEY100\DESKTOP\GZF SOURCE\REALSOUND\RELEASE\MMTIMER.OBJ
F:\USERS\MONCKEY100\DESKTOP\GZF SOURCE\REALSOUND\LIB\REALSOUND.LIB
F:\Users\Monckey100\Desktop\GzF Source\RealSound\Release\MMTimer.obj
F:\Users\Monckey100\Desktop\GzF Source\RealSound\Release\RealSound.obj
F:\Users\Monckey100\Desktop\GzF Source\RealSound\Release\RealSoundBgm.obj
F:\Users\Monckey100\Desktop\GzF Source\RealSound\Release\RealSoundEffect.obj
F:\Users\Monckey100\Desktop\GzF Source\RealSound\Release\RealSoundEffectPlayer.obj
F:\Users\Monckey100\Desktop\GzF Source\RealSound\Release\RealSoundOgg.obj
F:\Users\Monckey100\Desktop\GzF Source\RealSound\Release\RealSoundWaveFile.obj
F:\Users\Monckey100\Desktop\GzF Source\RealSound\Release\stdafx.obj
F:\Users\Monckey100\Desktop\GzF Source\RealSound\Release\cl.command.1.tlog
F:\Users\Monckey100\Desktop\GzF Source\RealSound\Release\CL.read.1.tlog
F:\Users\Monckey100\Desktop\GzF Source\RealSound\Release\CL.write.1.tlog
F:\Users\Monckey100\Desktop\GzF Source\RealSound\Release\Lib-link.read.1.tlog
F:\Users\Monckey100\Desktop\GzF Source\RealSound\Release\Lib-link.write.1.tlog
F:\Users\Monckey100\Desktop\GzF Source\RealSound\Release\lib.command.1.tlog
F:\Users\Monckey100\Desktop\GzF Source\RealSound\Release\RealSound.pch
F:\Users\Monckey100\Desktop\GzF Source\RealSound\Release\vc110.pdb
F:\Users\Monckey100\Desktop\GzF Source\RealSound\Lib\RealSound.lib
