Build started 1/30/2016 5:45:12 PM.
     1>Project "C:\Users\ChienMin\Desktop\GZF GUNZ SOURCE\RealSound\RealSound.vcxproj" on node 6 (Rebuild target(s)).
     1>ClCompile:
         D:\Program Files (x86)\Microsoft Visual Studio 12.0\VC\bin\CL.exe /c /IInclude /I../CML/Include /I../RealSpace2/Include /I../sdk/dx9/include /Zi /nologo /W3 /WX- /O2 /Ob1 /Oy- /D WIN32 /D NDEBUG /D _LIB /D _MBCS /GF /Gm- /EHsc /MT /GS /Gy /fp:precise /Zc:wchar_t /Zc:forScope /Yc"stdafx.h" /Fp"Release\RealSound.pch" /Fo"Release\\" /Fd"Release\vc120.pdb" /Gd /TP /wd4244 /wd4996 /wd4819 /wd4005 /wd4800 /wd4293 /wd4627 /wd4018 /wd4172 /wd4509 /wd4065 /wd4101 /analyze- /errorReport:prompt source\stdafx.cpp
         stdafx.cpp
         D:\Program Files (x86)\Microsoft Visual Studio 12.0\VC\bin\CL.exe /c /IInclude /I../CML/Include /I../RealSpace2/Include /I../sdk/dx9/include /Zi /nologo /W3 /WX- /O2 /Ob1 /Oy- /D WIN32 /D NDEBUG /D _LIB /D _MBCS /GF /Gm- /EHsc /MT /GS /Gy /fp:precise /Zc:wchar_t /Zc:forScope /Yu"stdafx.h" /Fp"Release\RealSound.pch" /Fo"Release\\" /Fd"Release\vc120.pdb" /Gd /TP /wd4244 /wd4996 /wd4819 /wd4005 /wd4800 /wd4293 /wd4627 /wd4018 /wd4172 /wd4509 /wd4065 /wd4101 /analyze- /errorReport:prompt Source\MMTimer.cpp Source\RealSound.cpp Source\RealSoundBgm.cpp Source\RealSoundEffect.cpp Source\RealSoundEffectPlayer.cpp Source\RealSoundOgg.cpp Source\RealSoundWaveFile.cpp
         MMTimer.cpp
         RealSound.cpp
         RealSoundBgm.cpp
         RealSoundEffect.cpp
         RealSoundEffectPlayer.cpp
         RealSoundOgg.cpp
         RealSoundWaveFile.cpp
         Generating Code...
       Lib:
         D:\Program Files (x86)\Microsoft Visual Studio 12.0\VC\bin\Lib.exe /OUT:"Lib\RealSound.lib" /NOLOGO Release\MMTimer.obj
         Release\RealSound.obj
         Release\RealSoundBgm.obj
         Release\RealSoundEffect.obj
         Release\RealSoundEffectPlayer.obj
         Release\RealSoundOgg.obj
         Release\RealSoundWaveFile.obj
         Release\stdafx.obj
         RealSound.vcxproj -> C:\Users\ChienMin\Desktop\GZF GUNZ SOURCE\RealSound\Lib\RealSound.lib
     1>Done Building Project "C:\Users\ChienMin\Desktop\GZF GUNZ SOURCE\RealSound\RealSound.vcxproj" (Rebuild target(s)).

Build succeeded.

Time Elapsed 00:00:06.06
