F:\USERS\MONCKEY100\DESKTOP\GZF SOURCE\CML\RELEASE\CML.PCH.CODEANALYSIS
F:\USERS\MONCKEY100\DESKTOP\GZF SOURCE\CML\RELEASE\CML.PCH.CODEANALYSISAST
F:\USERS\MONCKEY100\DESKTOP\GZF SOURCE\CML\RELEASE\STDAFX.CPP.NATIVECODEANALYSIS.XML
F:\USERS\MONCKEY100\DESKTOP\GZF SOURCE\CML\RELEASE\STDAFX.OBJ
F:\USERS\MONCKEY100\DESKTOP\GZF SOURCE\CML\RELEASE\VC110.PDB
F:\USERS\MONCKEY100\DESKTOP\GZF SOURCE\CML\RELEASE\CFGFILE.CPP.NATIVECODEANALYSIS.XML
F:\USERS\MONCKEY100\DESKTOP\GZF SOURCE\CML\RELEASE\CFGFILE.OBJ
F:\USERS\MONCKEY100\DESKTOP\GZF SOURCE\CML\RELEASE\CMERROR.C.NATIVECODEANALYSIS.XML
F:\USERS\MONCKEY100\DESKTOP\GZF SOURCE\CML\RELEASE\CMERROR.OBJ
F:\USERS\MONCKEY100\DESKTOP\GZF SOURCE\CML\RELEASE\CMLEXICALANALYZER.CPP.NATIVECODEANALYSIS.XML
F:\USERS\MONCKEY100\DESKTOP\GZF SOURCE\CML\RELEASE\CMLEXICALANALYZER.OBJ
F:\USERS\MONCKEY100\DESKTOP\GZF SOURCE\CML\RELEASE\COMMONLOG.CPP.NATIVECODEANALYSIS.XML
F:\USERS\MONCKEY100\DESKTOP\GZF SOURCE\CML\RELEASE\COMMONLOG.OBJ
F:\USERS\MONCKEY100\DESKTOP\GZF SOURCE\CML\RELEASE\FILEINFO.CPP.NATIVECODEANALYSIS.XML
F:\USERS\MONCKEY100\DESKTOP\GZF SOURCE\CML\RELEASE\FILEINFO.OBJ
F:\USERS\MONCKEY100\DESKTOP\GZF SOURCE\CML\RELEASE\HASH.C.NATIVECODEANALYSIS.XML
F:\USERS\MONCKEY100\DESKTOP\GZF SOURCE\CML\RELEASE\HASH.OBJ
F:\USERS\MONCKEY100\DESKTOP\GZF SOURCE\CML\RELEASE\HMAC_SHA1.CPP.NATIVECODEANALYSIS.XML
F:\USERS\MONCKEY100\DESKTOP\GZF SOURCE\CML\RELEASE\HMAC_SHA1.OBJ
F:\USERS\MONCKEY100\DESKTOP\GZF SOURCE\CML\RELEASE\LIBPAK.CPP.NATIVECODEANALYSIS.XML
F:\USERS\MONCKEY100\DESKTOP\GZF SOURCE\CML\RELEASE\LIBPAK.OBJ
F:\USERS\MONCKEY100\DESKTOP\GZF SOURCE\CML\RELEASE\MARCHIVE.CPP.NATIVECODEANALYSIS.XML
F:\USERS\MONCKEY100\DESKTOP\GZF SOURCE\CML\RELEASE\MARCHIVE.OBJ
F:\USERS\MONCKEY100\DESKTOP\GZF SOURCE\CML\RELEASE\MASYNCHTTP.CPP.NATIVECODEANALYSIS.XML
F:\USERS\MONCKEY100\DESKTOP\GZF SOURCE\CML\RELEASE\MASYNCHTTP.OBJ
F:\USERS\MONCKEY100\DESKTOP\GZF SOURCE\CML\RELEASE\MBLOBARRAY.CPP.NATIVECODEANALYSIS.XML
F:\USERS\MONCKEY100\DESKTOP\GZF SOURCE\CML\RELEASE\MBLOBARRAY.OBJ
F:\USERS\MONCKEY100\DESKTOP\GZF SOURCE\CML\RELEASE\MCHECKSUM.CPP.NATIVECODEANALYSIS.XML
F:\USERS\MONCKEY100\DESKTOP\GZF SOURCE\CML\RELEASE\MCHECKSUM.OBJ
F:\USERS\MONCKEY100\DESKTOP\GZF SOURCE\CML\RELEASE\MCHUNKREWRITER.CPP.NATIVECODEANALYSIS.XML
F:\USERS\MONCKEY100\DESKTOP\GZF SOURCE\CML\RELEASE\MCHUNKREWRITER.OBJ
F:\USERS\MONCKEY100\DESKTOP\GZF SOURCE\CML\RELEASE\MCRASHDUMP.CPP.NATIVECODEANALYSIS.XML
F:\USERS\MONCKEY100\DESKTOP\GZF SOURCE\CML\RELEASE\MCRASHDUMP.OBJ
F:\USERS\MONCKEY100\DESKTOP\GZF SOURCE\CML\RELEASE\MCRC32.CPP.NATIVECODEANALYSIS.XML
F:\USERS\MONCKEY100\DESKTOP\GZF SOURCE\CML\RELEASE\MCRC32.OBJ
F:\USERS\MONCKEY100\DESKTOP\GZF SOURCE\CML\RELEASE\MCRYPT.CPP.NATIVECODEANALYSIS.XML
F:\USERS\MONCKEY100\DESKTOP\GZF SOURCE\CML\RELEASE\MCRYPT.OBJ
F:\USERS\MONCKEY100\DESKTOP\GZF SOURCE\CML\RELEASE\MCSVPARSER.CPP.NATIVECODEANALYSIS.XML
F:\USERS\MONCKEY100\DESKTOP\GZF SOURCE\CML\RELEASE\MCSVPARSER.OBJ
F:\USERS\MONCKEY100\DESKTOP\GZF SOURCE\CML\RELEASE\MDATACHECKER.CPP.NATIVECODEANALYSIS.XML
F:\USERS\MONCKEY100\DESKTOP\GZF SOURCE\CML\RELEASE\MDATACHECKER.OBJ
F:\USERS\MONCKEY100\DESKTOP\GZF SOURCE\CML\RELEASE\MDEBUG.CPP.NATIVECODEANALYSIS.XML
F:\USERS\MONCKEY100\DESKTOP\GZF SOURCE\CML\RELEASE\MDEBUG.OBJ
F:\USERS\MONCKEY100\DESKTOP\GZF SOURCE\CML\RELEASE\MEMPOOL.CPP.NATIVECODEANALYSIS.XML
F:\USERS\MONCKEY100\DESKTOP\GZF SOURCE\CML\RELEASE\MEMPOOL.OBJ
F:\USERS\MONCKEY100\DESKTOP\GZF SOURCE\CML\RELEASE\MFOLDERNOTIFIER.CPP.NATIVECODEANALYSIS.XML
F:\USERS\MONCKEY100\DESKTOP\GZF SOURCE\CML\RELEASE\MFOLDERNOTIFIER.OBJ
F:\USERS\MONCKEY100\DESKTOP\GZF SOURCE\CML\RELEASE\MHTTPSPOOLER.CPP.NATIVECODEANALYSIS.XML
F:\USERS\MONCKEY100\DESKTOP\GZF SOURCE\CML\RELEASE\MHTTPSPOOLER.OBJ
F:\USERS\MONCKEY100\DESKTOP\GZF SOURCE\CML\RELEASE\MINET.CPP.NATIVECODEANALYSIS.XML
F:\USERS\MONCKEY100\DESKTOP\GZF SOURCE\CML\RELEASE\MINET.OBJ
F:\USERS\MONCKEY100\DESKTOP\GZF SOURCE\CML\RELEASE\MINETUTIL.CPP.NATIVECODEANALYSIS.XML
F:\USERS\MONCKEY100\DESKTOP\GZF SOURCE\CML\RELEASE\MINETUTIL.OBJ
F:\USERS\MONCKEY100\DESKTOP\GZF SOURCE\CML\RELEASE\MLEX.CPP.NATIVECODEANALYSIS.XML
F:\USERS\MONCKEY100\DESKTOP\GZF SOURCE\CML\RELEASE\MLEX.OBJ
F:\USERS\MONCKEY100\DESKTOP\GZF SOURCE\CML\RELEASE\MLOCALE.CPP.NATIVECODEANALYSIS.XML
F:\USERS\MONCKEY100\DESKTOP\GZF SOURCE\CML\RELEASE\MLOCALE.OBJ
F:\USERS\MONCKEY100\DESKTOP\GZF SOURCE\CML\RELEASE\MMATRIX.CPP.NATIVECODEANALYSIS.XML
F:\USERS\MONCKEY100\DESKTOP\GZF SOURCE\CML\RELEASE\MMATRIX.OBJ
F:\USERS\MONCKEY100\DESKTOP\GZF SOURCE\CML\RELEASE\MMD5.CPP.NATIVECODEANALYSIS.XML
F:\USERS\MONCKEY100\DESKTOP\GZF SOURCE\CML\RELEASE\MMD5.OBJ
F:\USERS\MONCKEY100\DESKTOP\GZF SOURCE\CML\RELEASE\MMEMORYPROXY.CPP.NATIVECODEANALYSIS.XML
F:\USERS\MONCKEY100\DESKTOP\GZF SOURCE\CML\RELEASE\MMEMORYPROXY.OBJ
F:\USERS\MONCKEY100\DESKTOP\GZF SOURCE\CML\RELEASE\MPAGEARRAY.CPP.NATIVECODEANALYSIS.XML
F:\USERS\MONCKEY100\DESKTOP\GZF SOURCE\CML\RELEASE\MPAGEARRAY.OBJ
F:\USERS\MONCKEY100\DESKTOP\GZF SOURCE\CML\RELEASE\MPDB.CPP.NATIVECODEANALYSIS.XML
F:\USERS\MONCKEY100\DESKTOP\GZF SOURCE\CML\RELEASE\MPDB.OBJ
F:\USERS\MONCKEY100\DESKTOP\GZF SOURCE\CML\RELEASE\MPROCESSCONTROLLER.CPP.NATIVECODEANALYSIS.XML
F:\USERS\MONCKEY100\DESKTOP\GZF SOURCE\CML\RELEASE\MPROCESSCONTROLLER.OBJ
F:\USERS\MONCKEY100\DESKTOP\GZF SOURCE\CML\RELEASE\MPROFILER.CPP.NATIVECODEANALYSIS.XML
F:\USERS\MONCKEY100\DESKTOP\GZF SOURCE\CML\RELEASE\MPROFILER.OBJ
F:\USERS\MONCKEY100\DESKTOP\GZF SOURCE\CML\RELEASE\MREGISTRY.CPP.NATIVECODEANALYSIS.XML
F:\USERS\MONCKEY100\DESKTOP\GZF SOURCE\CML\RELEASE\MREGISTRY.OBJ
F:\USERS\MONCKEY100\DESKTOP\GZF SOURCE\CML\RELEASE\MRSAENCRYPT.CPP.NATIVECODEANALYSIS.XML
F:\USERS\MONCKEY100\DESKTOP\GZF SOURCE\CML\RELEASE\MRSAENCRYPT.OBJ
F:\USERS\MONCKEY100\DESKTOP\GZF SOURCE\CML\RELEASE\MSMARTREFRESH.CPP.NATIVECODEANALYSIS.XML
F:\USERS\MONCKEY100\DESKTOP\GZF SOURCE\CML\RELEASE\MSMARTREFRESH.OBJ
F:\USERS\MONCKEY100\DESKTOP\GZF SOURCE\CML\RELEASE\MSTATEMACHINE.CPP.NATIVECODEANALYSIS.XML
F:\USERS\MONCKEY100\DESKTOP\GZF SOURCE\CML\RELEASE\MSTATEMACHINE.OBJ
F:\USERS\MONCKEY100\DESKTOP\GZF SOURCE\CML\RELEASE\MSTREX.CPP.NATIVECODEANALYSIS.XML
F:\USERS\MONCKEY100\DESKTOP\GZF SOURCE\CML\RELEASE\MSTREX.OBJ
F:\USERS\MONCKEY100\DESKTOP\GZF SOURCE\CML\RELEASE\MSYNC.CPP.NATIVECODEANALYSIS.XML
F:\USERS\MONCKEY100\DESKTOP\GZF SOURCE\CML\RELEASE\MSYNC.OBJ
F:\USERS\MONCKEY100\DESKTOP\GZF SOURCE\CML\RELEASE\MTHREAD.CPP.NATIVECODEANALYSIS.XML
F:\USERS\MONCKEY100\DESKTOP\GZF SOURCE\CML\RELEASE\MTHREAD.OBJ
F:\USERS\MONCKEY100\DESKTOP\GZF SOURCE\CML\RELEASE\MTRACEMEMORY.CPP.NATIVECODEANALYSIS.XML
F:\USERS\MONCKEY100\DESKTOP\GZF SOURCE\CML\RELEASE\MTRACEMEMORY.OBJ
F:\USERS\MONCKEY100\DESKTOP\GZF SOURCE\CML\RELEASE\MUTIL.CPP.NATIVECODEANALYSIS.XML
F:\USERS\MONCKEY100\DESKTOP\GZF SOURCE\CML\RELEASE\MUTIL.OBJ
F:\USERS\MONCKEY100\DESKTOP\GZF SOURCE\CML\RELEASE\MVECTOR3.CPP.NATIVECODEANALYSIS.XML
F:\USERS\MONCKEY100\DESKTOP\GZF SOURCE\CML\RELEASE\MVECTOR3.OBJ
F:\USERS\MONCKEY100\DESKTOP\GZF SOURCE\CML\RELEASE\MXML.CPP.NATIVECODEANALYSIS.XML
F:\USERS\MONCKEY100\DESKTOP\GZF SOURCE\CML\RELEASE\MXML.OBJ
F:\USERS\MONCKEY100\DESKTOP\GZF SOURCE\CML\RELEASE\MZFILESYSTEM.CPP.NATIVECODEANALYSIS.XML
F:\USERS\MONCKEY100\DESKTOP\GZF SOURCE\CML\RELEASE\MZFILESYSTEM.OBJ
F:\USERS\MONCKEY100\DESKTOP\GZF SOURCE\CML\RELEASE\MZIP.CPP.NATIVECODEANALYSIS.XML
F:\USERS\MONCKEY100\DESKTOP\GZF SOURCE\CML\RELEASE\MZIP.OBJ
F:\USERS\MONCKEY100\DESKTOP\GZF SOURCE\CML\RELEASE\SEED.CPP.NATIVECODEANALYSIS.XML
F:\USERS\MONCKEY100\DESKTOP\GZF SOURCE\CML\RELEASE\SEED.OBJ
F:\USERS\MONCKEY100\DESKTOP\GZF SOURCE\CML\RELEASE\SHA1.CPP.NATIVECODEANALYSIS.XML
F:\USERS\MONCKEY100\DESKTOP\GZF SOURCE\CML\RELEASE\SHA1.OBJ
F:\USERS\MONCKEY100\DESKTOP\GZF SOURCE\CML\LIB\CML.LIB
F:\Users\Monckey100\Desktop\GzF Source\cml\Release\CfgFile.obj
F:\Users\Monckey100\Desktop\GzF Source\cml\Release\CMError.obj
F:\Users\Monckey100\Desktop\GzF Source\cml\Release\CMLexicalAnalyzer.obj
F:\Users\Monckey100\Desktop\GzF Source\cml\Release\CommonLog.obj
F:\Users\Monckey100\Desktop\GzF Source\cml\Release\FileInfo.obj
F:\Users\Monckey100\Desktop\GzF Source\cml\Release\hash.obj
F:\Users\Monckey100\Desktop\GzF Source\cml\Release\HMAC_SHA1.obj
F:\Users\Monckey100\Desktop\GzF Source\cml\Release\LibPak.obj
F:\Users\Monckey100\Desktop\GzF Source\cml\Release\MArchive.obj
F:\Users\Monckey100\Desktop\GzF Source\cml\Release\MAsyncHttp.obj
F:\Users\Monckey100\Desktop\GzF Source\cml\Release\MBlobArray.obj
F:\Users\Monckey100\Desktop\GzF Source\cml\Release\MCheckSum.obj
F:\Users\Monckey100\Desktop\GzF Source\cml\Release\MChunkReWriter.obj
F:\Users\Monckey100\Desktop\GzF Source\cml\Release\MCrashDump.obj
F:\Users\Monckey100\Desktop\GzF Source\cml\Release\MCRC32.obj
F:\Users\Monckey100\Desktop\GzF Source\cml\Release\MCrypt.obj
F:\Users\Monckey100\Desktop\GzF Source\cml\Release\MCsvParser.obj
F:\Users\Monckey100\Desktop\GzF Source\cml\Release\MDataChecker.obj
F:\Users\Monckey100\Desktop\GzF Source\cml\Release\MDebug.obj
F:\Users\Monckey100\Desktop\GzF Source\cml\Release\MemPool.obj
F:\Users\Monckey100\Desktop\GzF Source\cml\Release\MFolderNotifier.obj
F:\Users\Monckey100\Desktop\GzF Source\cml\Release\MHttpSpooler.obj
F:\Users\Monckey100\Desktop\GzF Source\cml\Release\MInet.obj
F:\Users\Monckey100\Desktop\GzF Source\cml\Release\MInetUtil.obj
F:\Users\Monckey100\Desktop\GzF Source\cml\Release\MLex.obj
F:\Users\Monckey100\Desktop\GzF Source\cml\Release\MLocale.obj
F:\Users\Monckey100\Desktop\GzF Source\cml\Release\MMatrix.obj
F:\Users\Monckey100\Desktop\GzF Source\cml\Release\MMD5.obj
F:\Users\Monckey100\Desktop\GzF Source\cml\Release\MMemoryProxy.obj
F:\Users\Monckey100\Desktop\GzF Source\cml\Release\MPageArray.obj
F:\Users\Monckey100\Desktop\GzF Source\cml\Release\MPdb.obj
F:\Users\Monckey100\Desktop\GzF Source\cml\Release\MProcessController.obj
F:\Users\Monckey100\Desktop\GzF Source\cml\Release\MProfiler.obj
F:\Users\Monckey100\Desktop\GzF Source\cml\Release\MRegistry.obj
F:\Users\Monckey100\Desktop\GzF Source\cml\Release\MRsaEncrypt.obj
F:\Users\Monckey100\Desktop\GzF Source\cml\Release\MSmartRefresh.obj
F:\Users\Monckey100\Desktop\GzF Source\cml\Release\MStateMachine.obj
F:\Users\Monckey100\Desktop\GzF Source\cml\Release\MStrEx.obj
F:\Users\Monckey100\Desktop\GzF Source\cml\Release\MSync.obj
F:\Users\Monckey100\Desktop\GzF Source\cml\Release\MThread.obj
F:\Users\Monckey100\Desktop\GzF Source\cml\Release\MTraceMemory.obj
F:\Users\Monckey100\Desktop\GzF Source\cml\Release\MUtil.obj
F:\Users\Monckey100\Desktop\GzF Source\cml\Release\MVector3.obj
F:\Users\Monckey100\Desktop\GzF Source\cml\Release\MXml.obj
F:\Users\Monckey100\Desktop\GzF Source\cml\Release\MZFileSystem.obj
F:\Users\Monckey100\Desktop\GzF Source\cml\Release\MZip.obj
F:\Users\Monckey100\Desktop\GzF Source\cml\Release\seed.obj
F:\Users\Monckey100\Desktop\GzF Source\cml\Release\SHA1.obj
F:\Users\Monckey100\Desktop\GzF Source\cml\Release\stdafx.obj
F:\Users\Monckey100\Desktop\GzF Source\cml\Release\msxml.tli
F:\Users\Monckey100\Desktop\GzF Source\cml\Release\msxml.tlh
F:\Users\Monckey100\Desktop\GzF Source\cml\Release\cl.command.1.tlog
F:\Users\Monckey100\Desktop\GzF Source\cml\Release\CL.read.1.tlog
F:\Users\Monckey100\Desktop\GzF Source\cml\Release\CL.read.17.tlog
F:\Users\Monckey100\Desktop\GzF Source\cml\Release\CL.write.1.tlog
F:\Users\Monckey100\Desktop\GzF Source\cml\Release\Lib-link.read.1.tlog
F:\Users\Monckey100\Desktop\GzF Source\cml\Release\Lib-link.write.1.tlog
F:\Users\Monckey100\Desktop\GzF Source\cml\Release\lib.command.1.tlog
F:\Users\Monckey100\Desktop\GzF Source\cml\Release\NativeCodeAnalysis.read.1.tlog
F:\Users\Monckey100\Desktop\GzF Source\cml\Release\vc110.pdb
F:\Users\Monckey100\Desktop\GzF Source\cml\Release\CfgFile.cpp.nativecodeanalysis.xml
F:\Users\Monckey100\Desktop\GzF Source\cml\Release\CMError.c.nativecodeanalysis.xml
F:\Users\Monckey100\Desktop\GzF Source\cml\Release\CMLexicalAnalyzer.cpp.nativecodeanalysis.xml
F:\Users\Monckey100\Desktop\GzF Source\cml\Release\CommonLog.cpp.nativecodeanalysis.xml
F:\Users\Monckey100\Desktop\GzF Source\cml\Release\FileInfo.cpp.nativecodeanalysis.xml
F:\Users\Monckey100\Desktop\GzF Source\cml\Release\hash.c.nativecodeanalysis.xml
F:\Users\Monckey100\Desktop\GzF Source\cml\Release\HMAC_SHA1.cpp.nativecodeanalysis.xml
F:\Users\Monckey100\Desktop\GzF Source\cml\Release\LibPak.cpp.nativecodeanalysis.xml
F:\Users\Monckey100\Desktop\GzF Source\cml\Release\MArchive.cpp.nativecodeanalysis.xml
F:\Users\Monckey100\Desktop\GzF Source\cml\Release\MAsyncHttp.cpp.nativecodeanalysis.xml
F:\Users\Monckey100\Desktop\GzF Source\cml\Release\MBlobArray.cpp.nativecodeanalysis.xml
F:\Users\Monckey100\Desktop\GzF Source\cml\Release\MCheckSum.cpp.nativecodeanalysis.xml
F:\Users\Monckey100\Desktop\GzF Source\cml\Release\MChunkReWriter.cpp.nativecodeanalysis.xml
F:\Users\Monckey100\Desktop\GzF Source\cml\Release\MCrashDump.cpp.nativecodeanalysis.xml
F:\Users\Monckey100\Desktop\GzF Source\cml\Release\MCRC32.cpp.nativecodeanalysis.xml
F:\Users\Monckey100\Desktop\GzF Source\cml\Release\MCrypt.cpp.nativecodeanalysis.xml
F:\Users\Monckey100\Desktop\GzF Source\cml\Release\MCsvParser.cpp.nativecodeanalysis.xml
F:\Users\Monckey100\Desktop\GzF Source\cml\Release\MDataChecker.cpp.nativecodeanalysis.xml
F:\Users\Monckey100\Desktop\GzF Source\cml\Release\MDebug.cpp.nativecodeanalysis.xml
F:\Users\Monckey100\Desktop\GzF Source\cml\Release\MemPool.cpp.nativecodeanalysis.xml
F:\Users\Monckey100\Desktop\GzF Source\cml\Release\MFolderNotifier.cpp.nativecodeanalysis.xml
F:\Users\Monckey100\Desktop\GzF Source\cml\Release\MHttpSpooler.cpp.nativecodeanalysis.xml
F:\Users\Monckey100\Desktop\GzF Source\cml\Release\MInet.cpp.nativecodeanalysis.xml
F:\Users\Monckey100\Desktop\GzF Source\cml\Release\MInetUtil.cpp.nativecodeanalysis.xml
F:\Users\Monckey100\Desktop\GzF Source\cml\Release\MLex.cpp.nativecodeanalysis.xml
F:\Users\Monckey100\Desktop\GzF Source\cml\Release\MLocale.cpp.nativecodeanalysis.xml
F:\Users\Monckey100\Desktop\GzF Source\cml\Release\MMatrix.cpp.nativecodeanalysis.xml
F:\Users\Monckey100\Desktop\GzF Source\cml\Release\MMD5.cpp.nativecodeanalysis.xml
F:\Users\Monckey100\Desktop\GzF Source\cml\Release\MMemoryProxy.cpp.nativecodeanalysis.xml
F:\Users\Monckey100\Desktop\GzF Source\cml\Release\MPageArray.cpp.nativecodeanalysis.xml
F:\Users\Monckey100\Desktop\GzF Source\cml\Release\MPdb.cpp.nativecodeanalysis.xml
F:\Users\Monckey100\Desktop\GzF Source\cml\Release\MProcessController.cpp.nativecodeanalysis.xml
F:\Users\Monckey100\Desktop\GzF Source\cml\Release\MProfiler.cpp.nativecodeanalysis.xml
F:\Users\Monckey100\Desktop\GzF Source\cml\Release\MRegistry.cpp.nativecodeanalysis.xml
F:\Users\Monckey100\Desktop\GzF Source\cml\Release\MRsaEncrypt.cpp.nativecodeanalysis.xml
F:\Users\Monckey100\Desktop\GzF Source\cml\Release\MSmartRefresh.cpp.nativecodeanalysis.xml
F:\Users\Monckey100\Desktop\GzF Source\cml\Release\MStateMachine.cpp.nativecodeanalysis.xml
F:\Users\Monckey100\Desktop\GzF Source\cml\Release\MStrEx.cpp.nativecodeanalysis.xml
F:\Users\Monckey100\Desktop\GzF Source\cml\Release\MSync.cpp.nativecodeanalysis.xml
F:\Users\Monckey100\Desktop\GzF Source\cml\Release\MThread.cpp.nativecodeanalysis.xml
F:\Users\Monckey100\Desktop\GzF Source\cml\Release\MTraceMemory.cpp.nativecodeanalysis.xml
F:\Users\Monckey100\Desktop\GzF Source\cml\Release\MUtil.cpp.nativecodeanalysis.xml
F:\Users\Monckey100\Desktop\GzF Source\cml\Release\MVector3.cpp.nativecodeanalysis.xml
F:\Users\Monckey100\Desktop\GzF Source\cml\Release\MXml.cpp.nativecodeanalysis.xml
F:\Users\Monckey100\Desktop\GzF Source\cml\Release\MZFileSystem.cpp.nativecodeanalysis.xml
F:\Users\Monckey100\Desktop\GzF Source\cml\Release\MZip.cpp.nativecodeanalysis.xml
F:\Users\Monckey100\Desktop\GzF Source\cml\Release\seed.cpp.nativecodeanalysis.xml
F:\Users\Monckey100\Desktop\GzF Source\cml\Release\SHA1.cpp.nativecodeanalysis.xml
F:\Users\Monckey100\Desktop\GzF Source\cml\Release\stdafx.cpp.nativecodeanalysis.xml
F:\Users\Monckey100\Desktop\GzF Source\cml\Release\vc.nativecodeanalysis.all.xml
F:\Users\Monckey100\Desktop\GzF Source\cml\Lib\cml.lib
