Build started 1/30/2016 5:45:12 PM.
     1>Project "C:\Users\ChienMin\Desktop\GZF GUNZ SOURCE\MDatabase\MDatabase.vcxproj" on node 8 (Rebuild target(s)).
     1>ClCompile:
         D:\Program Files (x86)\Microsoft Visual Studio 12.0\VC\bin\CL.exe /c /Iinclude /Zi /nologo /W3 /WX- /O2 /Oy- /D WIN32 /D NDEBUG /D _LIB /D _MBCS /Gm- /EHsc /MT /GS /fp:precise /Zc:wchar_t /Zc:forScope /Yc"stdafx.h" /Fp"Release\MDatabase.pch" /Fo"Release\\" /Fd"Release\vc120.pdb" /Gd /TP /wd4244 /wd4996 /wd4819 /wd4005 /wd4800 /wd4293 /wd4627 /wd4018 /wd4172 /wd4509 /wd4065 /wd4101 /analyze- /errorReport:prompt stdafx.cpp
         stdafx.cpp
     1>D:\Program Files (x86)\Microsoft Visual Studio 12.0\VC\atlmfc\include\afx.h(38): warning C4996: 'MBCS_Support_Deprecated_In_MFC': MBCS support in MFC is deprecated and may be removed in a future version of MFC.
                 D:\Program Files (x86)\Microsoft Visual Studio 12.0\VC\atlmfc\include\afx.h(33) : see declaration of 'MBCS_Support_Deprecated_In_MFC'
         _WIN32_WINNT not defined. Defaulting to _WIN32_WINNT_MAXVER (see WinSDKVer.h)
         D:\Program Files (x86)\Microsoft Visual Studio 12.0\VC\bin\CL.exe /c /Iinclude /Zi /nologo /W3 /WX- /O2 /Oy- /D WIN32 /D NDEBUG /D _LIB /D _MBCS /Gm- /EHsc /MT /GS /fp:precise /Zc:wchar_t /Zc:forScope /Yu"stdafx.h" /Fp"Release\MDatabase.pch" /Fo"Release\\" /Fd"Release\vc120.pdb" /Gd /TP /wd4244 /wd4996 /wd4819 /wd4005 /wd4800 /wd4293 /wd4627 /wd4018 /wd4172 /wd4509 /wd4065 /wd4101 /analyze- /errorReport:prompt Source\MDatabase.cpp Source\ODBCRecordset.cpp
         MDatabase.cpp
         ODBCRecordset.cpp
         Generating Code...
       Lib:
         D:\Program Files (x86)\Microsoft Visual Studio 12.0\VC\bin\Lib.exe /OUT:"Lib\MDatabase.lib" /NOLOGO /NODEFAULTLIB Release\MDatabase.obj
         Release\ODBCRecordset.obj
         Release\stdafx.obj
         MDatabase.vcxproj -> C:\Users\ChienMin\Desktop\GZF GUNZ SOURCE\MDatabase\Lib\MDatabase.lib
     1>Done Building Project "C:\Users\ChienMin\Desktop\GZF GUNZ SOURCE\MDatabase\MDatabase.vcxproj" (Rebuild target(s)).

Build succeeded.

Time Elapsed 00:00:04.49
